{"C:\\Users\\USER\\Desktop\\vidly\\backend\\main.js": {"path":"C:\\Users\\USER\\Desktop\\vidly\\backend\\main.js","statementMap":{"0":{"start":{"line":1,"column":16},"end":{"line":1,"column":34}},"1":{"start":{"line":2,"column":12},"end":{"line":2,"column":21}},"2":{"start":{"line":3,"column":16},"end":{"line":3,"column":34}},"3":{"start":{"line":4,"column":12},"end":{"line":4,"column":40}},"4":{"start":{"line":5,"column":15},"end":{"line":5,"column":42}},"5":{"start":{"line":6,"column":15},"end":{"line":6,"column":42}},"6":{"start":{"line":7,"column":11},"end":{"line":7,"column":34}},"7":{"start":{"line":8,"column":0},"end":{"line":8,"column":6}},"8":{"start":{"line":8,"column":7},"end":{"line":8,"column":14}},"9":{"start":{"line":8,"column":15},"end":{"line":8,"column":27}},"10":{"start":{"line":8,"column":28},"end":{"line":8,"column":31}},"11":{"start":{"line":9,"column":0},"end":{"line":9,"column":31}},"12":{"start":{"line":10,"column":15},"end":{"line":10,"column":85}},"13":{"start":{"line":10,"column":37},"end":{"line":10,"column":83}},"14":{"start":{"line":11,"column":0},"end":{"line":11,"column":23}}},"fnMap":{"0":{"name":"(anonymous_0)","decl":{"start":{"line":10,"column":32},"end":{"line":10,"column":33}},"loc":{"start":{"line":10,"column":36},"end":{"line":10,"column":84}},"line":10}},"branchMap":{"0":{"loc":{"start":{"line":9,"column":7},"end":{"line":9,"column":31}},"type":"binary-expr","locations":[{"start":{"line":9,"column":7},"end":{"line":9,"column":23}},{"start":{"line":9,"column":27},"end":{"line":9,"column":31}}],"line":9}},"s":{"0":1,"1":1,"2":1,"3":1,"4":1,"5":1,"6":1,"7":1,"8":1,"9":1,"10":1,"11":1,"12":1,"13":0,"14":1},"f":{"0":0},"b":{"0":[1,1]},"_coverageSchema":"1a1c01bbd47fc00a2c39e90264f33305004495a9","hash":"f8293235c9e61f433fab89971502080e0e4f74f0"}
,"C:\\Users\\USER\\Desktop\\vidly\\backend\\models\\customerschema.js": {"path":"C:\\Users\\USER\\Desktop\\vidly\\backend\\models\\customerschema.js","statementMap":{"0":{"start":{"line":1,"column":17},"end":{"line":1,"column":36}},"1":{"start":{"line":2,"column":12},"end":{"line":2,"column":26}},"2":{"start":{"line":3,"column":23},"end":{"line":21,"column":3}},"3":{"start":{"line":22,"column":15},"end":{"line":26,"column":2}},"4":{"start":{"line":27,"column":0},"end":{"line":29,"column":1}}},"fnMap":{},"branchMap":{},"s":{"0":1,"1":1,"2":1,"3":1,"4":1},"f":{},"b":{},"_coverageSchema":"1a1c01bbd47fc00a2c39e90264f33305004495a9","hash":"2e7f087a046d44137153c0d8d6f736d513bc2eb4"}
,"C:\\Users\\USER\\Desktop\\vidly\\backend\\models\\genreschema.js": {"path":"C:\\Users\\USER\\Desktop\\vidly\\backend\\models\\genreschema.js","statementMap":{"0":{"start":{"line":1,"column":17},"end":{"line":1,"column":36}},"1":{"start":{"line":2,"column":12},"end":{"line":2,"column":26}},"2":{"start":{"line":3,"column":20},"end":{"line":10,"column":3}},"3":{"start":{"line":11,"column":15},"end":{"line":13,"column":2}},"4":{"start":{"line":14,"column":0},"end":{"line":16,"column":1}}},"fnMap":{},"branchMap":{},"s":{"0":1,"1":1,"2":1,"3":1,"4":1},"f":{},"b":{},"_coverageSchema":"1a1c01bbd47fc00a2c39e90264f33305004495a9","hash":"cb0a51672a1cf397011e71063195da4434ee3b34"}
,"C:\\Users\\USER\\Desktop\\vidly\\backend\\models\\movieschema.js": {"path":"C:\\Users\\USER\\Desktop\\vidly\\backend\\models\\movieschema.js","statementMap":{"0":{"start":{"line":1,"column":12},"end":{"line":1,"column":26}},"1":{"start":{"line":2,"column":17},"end":{"line":2,"column":36}},"2":{"start":{"line":3,"column":20},"end":{"line":33,"column":3}},"3":{"start":{"line":34,"column":19},"end":{"line":39,"column":6}},"4":{"start":{"line":41,"column":0},"end":{"line":43,"column":1}}},"fnMap":{},"branchMap":{},"s":{"0":1,"1":1,"2":1,"3":1,"4":1},"f":{},"b":{},"_coverageSchema":"1a1c01bbd47fc00a2c39e90264f33305004495a9","hash":"06622dccf42f0adc5b56e750a67693c6cd62b07e"}
,"C:\\Users\\USER\\Desktop\\vidly\\backend\\models\\rentalschema.js": {"path":"C:\\Users\\USER\\Desktop\\vidly\\backend\\models\\rentalschema.js","statementMap":{"0":{"start":{"line":1,"column":17},"end":{"line":1,"column":36}},"1":{"start":{"line":2,"column":12},"end":{"line":2,"column":26}},"2":{"start":{"line":3,"column":21},"end":{"line":54,"column":3}},"3":{"start":{"line":55,"column":19},"end":{"line":58,"column":6}},"4":{"start":{"line":59,"column":4},"end":{"line":61,"column":5}}},"fnMap":{},"branchMap":{},"s":{"0":1,"1":1,"2":1,"3":1,"4":1},"f":{},"b":{},"_coverageSchema":"1a1c01bbd47fc00a2c39e90264f33305004495a9","hash":"e8088f309e1eb7da9a7c2196ed7a55c88d5b0154"}
,"C:\\Users\\USER\\Desktop\\vidly\\backend\\models\\userschema.js": {"path":"C:\\Users\\USER\\Desktop\\vidly\\backend\\models\\userschema.js","statementMap":{"0":{"start":{"line":1,"column":17},"end":{"line":1,"column":36}},"1":{"start":{"line":2,"column":12},"end":{"line":2,"column":26}},"2":{"start":{"line":3,"column":15},"end":{"line":26,"column":2}},"3":{"start":{"line":27,"column":0},"end":{"line":30,"column":1}},"4":{"start":{"line":28,"column":4},"end":{"line":28,"column":90}},"5":{"start":{"line":29,"column":4},"end":{"line":29,"column":17}},"6":{"start":{"line":31,"column":0},"end":{"line":31,"column":42}},"7":{"start":{"line":32,"column":15},"end":{"line":36,"column":2}},"8":{"start":{"line":37,"column":0},"end":{"line":39,"column":1}}},"fnMap":{"0":{"name":"(anonymous_0)","decl":{"start":{"line":27,"column":34},"end":{"line":27,"column":35}},"loc":{"start":{"line":27,"column":44},"end":{"line":30,"column":1}},"line":27}},"branchMap":{},"s":{"0":1,"1":1,"2":1,"3":1,"4":0,"5":0,"6":1,"7":1,"8":1},"f":{"0":0},"b":{},"_coverageSchema":"1a1c01bbd47fc00a2c39e90264f33305004495a9","hash":"60b5fd841b9306e14b3eef9969d69e91cf614178"}
,"C:\\Users\\USER\\Desktop\\vidly\\backend\\routes\\auth.js": {"path":"C:\\Users\\USER\\Desktop\\vidly\\backend\\routes\\auth.js","statementMap":{"0":{"start":{"line":1,"column":17},"end":{"line":1,"column":36}},"1":{"start":{"line":2,"column":12},"end":{"line":2,"column":26}},"2":{"start":{"line":3,"column":16},"end":{"line":3,"column":34}},"3":{"start":{"line":4,"column":15},"end":{"line":4,"column":32}},"4":{"start":{"line":5,"column":12},"end":{"line":5,"column":35}},"5":{"start":{"line":6,"column":15},"end":{"line":6,"column":32}},"6":{"start":{"line":7,"column":15},"end":{"line":7,"column":31}},"7":{"start":{"line":8,"column":29},"end":{"line":8,"column":60}},"8":{"start":{"line":10,"column":0},"end":{"line":31,"column":2}},"9":{"start":{"line":11,"column":22},"end":{"line":11,"column":47}},"10":{"start":{"line":12,"column":4},"end":{"line":12,"column":69}},"11":{"start":{"line":12,"column":15},"end":{"line":12,"column":69}},"12":{"start":{"line":14,"column":15},"end":{"line":14,"column":64}},"13":{"start":{"line":15,"column":4},"end":{"line":15,"column":69}},"14":{"start":{"line":15,"column":13},"end":{"line":15,"column":69}},"15":{"start":{"line":17,"column":4},"end":{"line":21,"column":6}},"16":{"start":{"line":22,"column":17},"end":{"line":22,"column":41}},"17":{"start":{"line":23,"column":4},"end":{"line":23,"column":22}},"18":{"start":{"line":24,"column":4},"end":{"line":24,"column":61}},"19":{"start":{"line":25,"column":3},"end":{"line":25,"column":20}},"20":{"start":{"line":27,"column":24},"end":{"line":27,"column":78}},"21":{"start":{"line":28,"column":2},"end":{"line":28,"column":78}},"22":{"start":{"line":28,"column":21},"end":{"line":28,"column":78}},"23":{"start":{"line":29,"column":2},"end":{"line":29,"column":40}},"24":{"start":{"line":30,"column":2},"end":{"line":30,"column":17}},"25":{"start":{"line":32,"column":0},"end":{"line":32,"column":24}}},"fnMap":{"0":{"name":"(anonymous_0)","decl":{"start":{"line":10,"column":17},"end":{"line":10,"column":18}},"loc":{"start":{"line":10,"column":34},"end":{"line":31,"column":1}},"line":10}},"branchMap":{"0":{"loc":{"start":{"line":12,"column":4},"end":{"line":12,"column":69}},"type":"if","locations":[{"start":{"line":12,"column":4},"end":{"line":12,"column":69}},{"start":{},"end":{}}],"line":12},"1":{"loc":{"start":{"line":15,"column":4},"end":{"line":15,"column":69}},"type":"if","locations":[{"start":{"line":15,"column":4},"end":{"line":15,"column":69}},{"start":{},"end":{}}],"line":15},"2":{"loc":{"start":{"line":28,"column":2},"end":{"line":28,"column":78}},"type":"if","locations":[{"start":{"line":28,"column":2},"end":{"line":28,"column":78}},{"start":{},"end":{}}],"line":28}},"s":{"0":1,"1":1,"2":1,"3":1,"4":1,"5":1,"6":1,"7":1,"8":1,"9":0,"10":0,"11":0,"12":0,"13":0,"14":0,"15":0,"16":0,"17":0,"18":0,"19":0,"20":0,"21":0,"22":0,"23":0,"24":0,"25":1},"f":{"0":0},"b":{"0":[0,0],"1":[0,0],"2":[0,0]},"_coverageSchema":"1a1c01bbd47fc00a2c39e90264f33305004495a9","hash":"0eed59494303b54d7a05a97570ce457051ea9608"}
,"C:\\Users\\USER\\Desktop\\vidly\\backend\\routes\\customers.js": {"path":"C:\\Users\\USER\\Desktop\\vidly\\backend\\routes\\customers.js","statementMap":{"0":{"start":{"line":1,"column":17},"end":{"line":1,"column":36}},"1":{"start":{"line":2,"column":16},"end":{"line":2,"column":34}},"2":{"start":{"line":3,"column":15},"end":{"line":3,"column":31}},"3":{"start":{"line":4,"column":12},"end":{"line":4,"column":26}},"4":{"start":{"line":5,"column":33},"end":{"line":5,"column":68}},"5":{"start":{"line":6,"column":0},"end":{"line":9,"column":2}},"6":{"start":{"line":7,"column":19},"end":{"line":7,"column":59}},"7":{"start":{"line":8,"column":4},"end":{"line":8,"column":21}},"8":{"start":{"line":10,"column":0},"end":{"line":29,"column":2}},"9":{"start":{"line":11,"column":22},"end":{"line":15,"column":6}},"10":{"start":{"line":16,"column":22},"end":{"line":16,"column":52}},"11":{"start":{"line":17,"column":4},"end":{"line":17,"column":50}},"12":{"start":{"line":17,"column":14},"end":{"line":17,"column":50}},"13":{"start":{"line":19,"column":24},"end":{"line":26,"column":6}},"14":{"start":{"line":27,"column":4},"end":{"line":27,"column":70}},"15":{"start":{"line":27,"column":21},"end":{"line":27,"column":70}},"16":{"start":{"line":28,"column":4},"end":{"line":28,"column":25}},"17":{"start":{"line":30,"column":0},"end":{"line":46,"column":2}},"18":{"start":{"line":31,"column":22},"end":{"line":36,"column":6}},"19":{"start":{"line":37,"column":4},"end":{"line":37,"column":49}},"20":{"start":{"line":37,"column":14},"end":{"line":37,"column":49}},"21":{"start":{"line":38,"column":21},"end":{"line":42,"column":6}},"22":{"start":{"line":44,"column":19},"end":{"line":44,"column":40}},"23":{"start":{"line":45,"column":4},"end":{"line":45,"column":21}},"24":{"start":{"line":47,"column":0},"end":{"line":54,"column":2}},"25":{"start":{"line":49,"column":20},"end":{"line":49,"column":73}},"26":{"start":{"line":50,"column":0},"end":{"line":50,"column":73}},"27":{"start":{"line":50,"column":17},"end":{"line":50,"column":73}},"28":{"start":{"line":52,"column":4},"end":{"line":52,"column":25}},"29":{"start":{"line":55,"column":0},"end":{"line":58,"column":2}},"30":{"start":{"line":56,"column":19},"end":{"line":56,"column":63}},"31":{"start":{"line":57,"column":4},"end":{"line":57,"column":21}},"32":{"start":{"line":59,"column":0},"end":{"line":59,"column":24}}},"fnMap":{"0":{"name":"(anonymous_0)","decl":{"start":{"line":6,"column":16},"end":{"line":6,"column":17}},"loc":{"start":{"line":6,"column":28},"end":{"line":9,"column":1}},"line":6},"1":{"name":"(anonymous_1)","decl":{"start":{"line":10,"column":19},"end":{"line":10,"column":20}},"loc":{"start":{"line":10,"column":36},"end":{"line":29,"column":1}},"line":10},"2":{"name":"(anonymous_2)","decl":{"start":{"line":30,"column":17},"end":{"line":30,"column":18}},"loc":{"start":{"line":30,"column":35},"end":{"line":46,"column":1}},"line":30},"3":{"name":"(anonymous_3)","decl":{"start":{"line":47,"column":22},"end":{"line":47,"column":23}},"loc":{"start":{"line":47,"column":39},"end":{"line":54,"column":1}},"line":47},"4":{"name":"(anonymous_4)","decl":{"start":{"line":55,"column":19},"end":{"line":55,"column":20}},"loc":{"start":{"line":55,"column":36},"end":{"line":58,"column":1}},"line":55}},"branchMap":{"0":{"loc":{"start":{"line":17,"column":4},"end":{"line":17,"column":50}},"type":"if","locations":[{"start":{"line":17,"column":4},"end":{"line":17,"column":50}},{"start":{},"end":{}}],"line":17},"1":{"loc":{"start":{"line":27,"column":4},"end":{"line":27,"column":70}},"type":"if","locations":[{"start":{"line":27,"column":4},"end":{"line":27,"column":70}},{"start":{},"end":{}}],"line":27},"2":{"loc":{"start":{"line":37,"column":4},"end":{"line":37,"column":49}},"type":"if","locations":[{"start":{"line":37,"column":4},"end":{"line":37,"column":49}},{"start":{},"end":{}}],"line":37},"3":{"loc":{"start":{"line":50,"column":0},"end":{"line":50,"column":73}},"type":"if","locations":[{"start":{"line":50,"column":0},"end":{"line":50,"column":73}},{"start":{},"end":{}}],"line":50}},"s":{"0":1,"1":1,"2":1,"3":1,"4":1,"5":1,"6":0,"7":0,"8":1,"9":0,"10":0,"11":0,"12":0,"13":0,"14":0,"15":0,"16":0,"17":1,"18":0,"19":0,"20":0,"21":0,"22":0,"23":0,"24":1,"25":0,"26":0,"27":0,"28":0,"29":1,"30":0,"31":0,"32":1},"f":{"0":0,"1":0,"2":0,"3":0,"4":0},"b":{"0":[0,0],"1":[0,0],"2":[0,0],"3":[0,0]},"_coverageSchema":"1a1c01bbd47fc00a2c39e90264f33305004495a9","hash":"8e58998357081aba93c46487ac3752994438fda2"}
,"C:\\Users\\USER\\Desktop\\vidly\\backend\\routes\\genres.js": {"path":"C:\\Users\\USER\\Desktop\\vidly\\backend\\routes\\genres.js","statementMap":{"0":{"start":{"line":1,"column":16},"end":{"line":1,"column":34}},"1":{"start":{"line":2,"column":17},"end":{"line":2,"column":36}},"2":{"start":{"line":3,"column":12},"end":{"line":3,"column":26}},"3":{"start":{"line":4,"column":25},"end":{"line":4,"column":65}},"4":{"start":{"line":5,"column":13},"end":{"line":5,"column":85}},"5":{"start":{"line":6,"column":14},"end":{"line":6,"column":87}},"6":{"start":{"line":7,"column":15},"end":{"line":7,"column":31}},"7":{"start":{"line":8,"column":32},"end":{"line":8,"column":64}},"8":{"start":{"line":12,"column":18},"end":{"line":13,"column":22}},"9":{"start":{"line":14,"column":19},"end":{"line":14,"column":37}},"10":{"start":{"line":15,"column":0},"end":{"line":15,"column":20}},"11":{"start":{"line":19,"column":0},"end":{"line":23,"column":2}},"12":{"start":{"line":21,"column":27},"end":{"line":21,"column":64}},"13":{"start":{"line":22,"column":12},"end":{"line":22,"column":28}},"14":{"start":{"line":24,"column":0},"end":{"line":30,"column":2}},"15":{"start":{"line":25,"column":22},"end":{"line":25,"column":56}},"16":{"start":{"line":26,"column":4},"end":{"line":26,"column":48}},"17":{"start":{"line":26,"column":14},"end":{"line":26,"column":48}},"18":{"start":{"line":27,"column":20},"end":{"line":27,"column":58}},"19":{"start":{"line":28,"column":4},"end":{"line":28,"column":39}},"20":{"start":{"line":29,"column":4},"end":{"line":29,"column":22}},"21":{"start":{"line":31,"column":0},"end":{"line":44,"column":2}},"22":{"start":{"line":35,"column":22},"end":{"line":35,"column":56}},"23":{"start":{"line":36,"column":4},"end":{"line":36,"column":48}},"24":{"start":{"line":36,"column":14},"end":{"line":36,"column":48}},"25":{"start":{"line":38,"column":21},"end":{"line":38,"column":105}},"26":{"start":{"line":41,"column":4},"end":{"line":41,"column":71}},"27":{"start":{"line":41,"column":18},"end":{"line":41,"column":71}},"28":{"start":{"line":42,"column":4},"end":{"line":42,"column":22}},"29":{"start":{"line":45,"column":0},"end":{"line":52,"column":2}},"30":{"start":{"line":47,"column":17},"end":{"line":47,"column":67}},"31":{"start":{"line":48,"column":0},"end":{"line":48,"column":67}},"32":{"start":{"line":48,"column":14},"end":{"line":48,"column":67}},"33":{"start":{"line":50,"column":4},"end":{"line":50,"column":22}},"34":{"start":{"line":53,"column":0},"end":{"line":57,"column":2}},"35":{"start":{"line":54,"column":18},"end":{"line":54,"column":59}},"36":{"start":{"line":55,"column":4},"end":{"line":55,"column":68}},"37":{"start":{"line":55,"column":15},"end":{"line":55,"column":68}},"38":{"start":{"line":56,"column":4},"end":{"line":56,"column":19}},"39":{"start":{"line":59,"column":0},"end":{"line":59,"column":24}}},"fnMap":{"0":{"name":"createGenre","decl":{"start":{"line":11,"column":15},"end":{"line":11,"column":26}},"loc":{"start":{"line":11,"column":28},"end":{"line":16,"column":1}},"line":11},"1":{"name":"(anonymous_1)","decl":{"start":{"line":19,"column":16},"end":{"line":19,"column":17}},"loc":{"start":{"line":19,"column":33},"end":{"line":23,"column":1}},"line":19},"2":{"name":"(anonymous_2)","decl":{"start":{"line":24,"column":23},"end":{"line":24,"column":24}},"loc":{"start":{"line":24,"column":41},"end":{"line":30,"column":1}},"line":24},"3":{"name":"(anonymous_3)","decl":{"start":{"line":31,"column":19},"end":{"line":31,"column":20}},"loc":{"start":{"line":31,"column":36},"end":{"line":44,"column":1}},"line":31},"4":{"name":"(anonymous_4)","decl":{"start":{"line":45,"column":37},"end":{"line":45,"column":38}},"loc":{"start":{"line":45,"column":54},"end":{"line":52,"column":1}},"line":45},"5":{"name":"(anonymous_5)","decl":{"start":{"line":53,"column":37},"end":{"line":53,"column":38}},"loc":{"start":{"line":53,"column":56},"end":{"line":57,"column":1}},"line":53}},"branchMap":{"0":{"loc":{"start":{"line":26,"column":4},"end":{"line":26,"column":48}},"type":"if","locations":[{"start":{"line":26,"column":4},"end":{"line":26,"column":48}},{"start":{},"end":{}}],"line":26},"1":{"loc":{"start":{"line":36,"column":4},"end":{"line":36,"column":48}},"type":"if","locations":[{"start":{"line":36,"column":4},"end":{"line":36,"column":48}},{"start":{},"end":{}}],"line":36},"2":{"loc":{"start":{"line":41,"column":4},"end":{"line":41,"column":71}},"type":"if","locations":[{"start":{"line":41,"column":4},"end":{"line":41,"column":71}},{"start":{},"end":{}}],"line":41},"3":{"loc":{"start":{"line":48,"column":0},"end":{"line":48,"column":67}},"type":"if","locations":[{"start":{"line":48,"column":0},"end":{"line":48,"column":67}},{"start":{},"end":{}}],"line":48},"4":{"loc":{"start":{"line":55,"column":4},"end":{"line":55,"column":68}},"type":"if","locations":[{"start":{"line":55,"column":4},"end":{"line":55,"column":68}},{"start":{},"end":{}}],"line":55}},"s":{"0":1,"1":1,"2":1,"3":1,"4":1,"5":1,"6":1,"7":1,"8":0,"9":0,"10":0,"11":1,"12":0,"13":0,"14":1,"15":0,"16":0,"17":0,"18":0,"19":0,"20":0,"21":1,"22":0,"23":0,"24":0,"25":0,"26":0,"27":0,"28":0,"29":1,"30":0,"31":0,"32":0,"33":0,"34":1,"35":0,"36":0,"37":0,"38":0,"39":1},"f":{"0":0,"1":0,"2":0,"3":0,"4":0,"5":0},"b":{"0":[0,0],"1":[0,0],"2":[0,0],"3":[0,0],"4":[0,0]},"_coverageSchema":"1a1c01bbd47fc00a2c39e90264f33305004495a9","hash":"400f78fd15682a78f3def3bf830474579c928d0e"}
,"C:\\Users\\USER\\Desktop\\vidly\\backend\\routes\\movies.js": {"path":"C:\\Users\\USER\\Desktop\\vidly\\backend\\routes\\movies.js","statementMap":{"0":{"start":{"line":1,"column":16},"end":{"line":1,"column":34}},"1":{"start":{"line":2,"column":17},"end":{"line":2,"column":36}},"2":{"start":{"line":3,"column":15},"end":{"line":3,"column":31}},"3":{"start":{"line":4,"column":12},"end":{"line":4,"column":26}},"4":{"start":{"line":5,"column":32},"end":{"line":5,"column":64}},"5":{"start":{"line":6,"column":24},"end":{"line":6,"column":56}},"6":{"start":{"line":17,"column":0},"end":{"line":20,"column":2}},"7":{"start":{"line":18,"column":19},"end":{"line":18,"column":57}},"8":{"start":{"line":19,"column":4},"end":{"line":19,"column":20}},"9":{"start":{"line":22,"column":0},"end":{"line":40,"column":2}},"10":{"start":{"line":23,"column":22},"end":{"line":23,"column":55}},"11":{"start":{"line":24,"column":4},"end":{"line":24,"column":68}},"12":{"start":{"line":24,"column":14},"end":{"line":24,"column":68}},"13":{"start":{"line":26,"column":18},"end":{"line":26,"column":62}},"14":{"start":{"line":27,"column":4},"end":{"line":27,"column":60}},"15":{"start":{"line":27,"column":15},"end":{"line":27,"column":60}},"16":{"start":{"line":29,"column":20},"end":{"line":37,"column":6}},"17":{"start":{"line":38,"column":4},"end":{"line":38,"column":40}},"18":{"start":{"line":39,"column":4},"end":{"line":39,"column":23}},"19":{"start":{"line":41,"column":0},"end":{"line":50,"column":24}},"20":{"start":{"line":42,"column":22},"end":{"line":42,"column":55}},"21":{"start":{"line":43,"column":4},"end":{"line":43,"column":67}},"22":{"start":{"line":43,"column":15},"end":{"line":43,"column":67}},"23":{"start":{"line":44,"column":21},"end":{"line":48,"column":6}},"24":{"start":{"line":49,"column":4},"end":{"line":49,"column":71}},"25":{"start":{"line":49,"column":18},"end":{"line":49,"column":71}},"26":{"start":{"line":50,"column":4},"end":{"line":50,"column":22}},"27":{"start":{"line":52,"column":4},"end":{"line":57,"column":6}},"28":{"start":{"line":54,"column":21},"end":{"line":54,"column":71}},"29":{"start":{"line":55,"column":4},"end":{"line":55,"column":71}},"30":{"start":{"line":55,"column":18},"end":{"line":55,"column":71}},"31":{"start":{"line":56,"column":4},"end":{"line":56,"column":22}},"32":{"start":{"line":58,"column":4},"end":{"line":62,"column":6}},"33":{"start":{"line":59,"column":22},"end":{"line":59,"column":63}},"34":{"start":{"line":60,"column":8},"end":{"line":60,"column":72}},"35":{"start":{"line":60,"column":19},"end":{"line":60,"column":72}},"36":{"start":{"line":61,"column":8},"end":{"line":61,"column":23}},"37":{"start":{"line":64,"column":4},"end":{"line":64,"column":28}}},"fnMap":{"0":{"name":"(anonymous_0)","decl":{"start":{"line":17,"column":16},"end":{"line":17,"column":17}},"loc":{"start":{"line":17,"column":33},"end":{"line":20,"column":1}},"line":17},"1":{"name":"(anonymous_1)","decl":{"start":{"line":22,"column":27},"end":{"line":22,"column":28}},"loc":{"start":{"line":22,"column":44},"end":{"line":40,"column":1}},"line":22},"2":{"name":"(anonymous_2)","decl":{"start":{"line":41,"column":26},"end":{"line":41,"column":27}},"loc":{"start":{"line":41,"column":43},"end":{"line":50,"column":23}},"line":41},"3":{"name":"(anonymous_3)","decl":{"start":{"line":52,"column":26},"end":{"line":52,"column":27}},"loc":{"start":{"line":52,"column":43},"end":{"line":57,"column":5}},"line":52},"4":{"name":"(anonymous_4)","decl":{"start":{"line":58,"column":23},"end":{"line":58,"column":24}},"loc":{"start":{"line":58,"column":42},"end":{"line":62,"column":5}},"line":58}},"branchMap":{"0":{"loc":{"start":{"line":24,"column":4},"end":{"line":24,"column":68}},"type":"if","locations":[{"start":{"line":24,"column":4},"end":{"line":24,"column":68}},{"start":{},"end":{}}],"line":24},"1":{"loc":{"start":{"line":27,"column":4},"end":{"line":27,"column":60}},"type":"if","locations":[{"start":{"line":27,"column":4},"end":{"line":27,"column":60}},{"start":{},"end":{}}],"line":27},"2":{"loc":{"start":{"line":43,"column":4},"end":{"line":43,"column":67}},"type":"if","locations":[{"start":{"line":43,"column":4},"end":{"line":43,"column":67}},{"start":{},"end":{}}],"line":43},"3":{"loc":{"start":{"line":49,"column":4},"end":{"line":49,"column":71}},"type":"if","locations":[{"start":{"line":49,"column":4},"end":{"line":49,"column":71}},{"start":{},"end":{}}],"line":49},"4":{"loc":{"start":{"line":55,"column":4},"end":{"line":55,"column":71}},"type":"if","locations":[{"start":{"line":55,"column":4},"end":{"line":55,"column":71}},{"start":{},"end":{}}],"line":55},"5":{"loc":{"start":{"line":60,"column":8},"end":{"line":60,"column":72}},"type":"if","locations":[{"start":{"line":60,"column":8},"end":{"line":60,"column":72}},{"start":{},"end":{}}],"line":60}},"s":{"0":1,"1":1,"2":1,"3":1,"4":1,"5":1,"6":1,"7":0,"8":0,"9":1,"10":0,"11":0,"12":0,"13":0,"14":0,"15":0,"16":0,"17":0,"18":0,"19":1,"20":0,"21":0,"22":0,"23":0,"24":0,"25":0,"26":0,"27":1,"28":0,"29":0,"30":0,"31":0,"32":1,"33":0,"34":0,"35":0,"36":0,"37":1},"f":{"0":0,"1":0,"2":0,"3":0,"4":0},"b":{"0":[0,0],"1":[0,0],"2":[0,0],"3":[0,0],"4":[0,0],"5":[0,0]},"_coverageSchema":"1a1c01bbd47fc00a2c39e90264f33305004495a9","hash":"12495ea05c9eaba538160d830a7b5e7d7dffef95"}
,"C:\\Users\\USER\\Desktop\\vidly\\backend\\routes\\users.js": {"path":"C:\\Users\\USER\\Desktop\\vidly\\backend\\routes\\users.js","statementMap":{"0":{"start":{"line":1,"column":17},"end":{"line":1,"column":36}},"1":{"start":{"line":2,"column":12},"end":{"line":2,"column":26}},"2":{"start":{"line":3,"column":16},"end":{"line":3,"column":34}},"3":{"start":{"line":4,"column":15},"end":{"line":4,"column":32}},"4":{"start":{"line":5,"column":12},"end":{"line":5,"column":35}},"5":{"start":{"line":6,"column":15},"end":{"line":6,"column":32}},"6":{"start":{"line":7,"column":13},"end":{"line":7,"column":44}},"7":{"start":{"line":8,"column":31},"end":{"line":8,"column":65}},"8":{"start":{"line":9,"column":15},"end":{"line":9,"column":31}},"9":{"start":{"line":11,"column":0},"end":{"line":13,"column":2}},"10":{"start":{"line":12,"column":17},"end":{"line":12,"column":68}},"11":{"start":{"line":14,"column":0},"end":{"line":37,"column":2}},"12":{"start":{"line":15,"column":22},"end":{"line":15,"column":47}},"13":{"start":{"line":16,"column":4},"end":{"line":16,"column":69}},"14":{"start":{"line":16,"column":15},"end":{"line":16,"column":69}},"15":{"start":{"line":18,"column":15},"end":{"line":18,"column":64}},"16":{"start":{"line":19,"column":4},"end":{"line":19,"column":67}},"17":{"start":{"line":19,"column":13},"end":{"line":19,"column":67}},"18":{"start":{"line":21,"column":4},"end":{"line":26,"column":6}},"19":{"start":{"line":27,"column":17},"end":{"line":27,"column":41}},"20":{"start":{"line":28,"column":4},"end":{"line":28,"column":60}},"21":{"start":{"line":29,"column":4},"end":{"line":29,"column":39}},"22":{"start":{"line":30,"column":3},"end":{"line":30,"column":20}},"23":{"start":{"line":31,"column":0},"end":{"line":31,"column":76}},"24":{"start":{"line":32,"column":0},"end":{"line":36,"column":2}},"25":{"start":{"line":40,"column":0},"end":{"line":40,"column":24}}},"fnMap":{"0":{"name":"(anonymous_0)","decl":{"start":{"line":11,"column":24},"end":{"line":11,"column":25}},"loc":{"start":{"line":11,"column":41},"end":{"line":13,"column":1}},"line":11},"1":{"name":"(anonymous_1)","decl":{"start":{"line":14,"column":23},"end":{"line":14,"column":24}},"loc":{"start":{"line":14,"column":40},"end":{"line":37,"column":1}},"line":14}},"branchMap":{"0":{"loc":{"start":{"line":16,"column":4},"end":{"line":16,"column":69}},"type":"if","locations":[{"start":{"line":16,"column":4},"end":{"line":16,"column":69}},{"start":{},"end":{}}],"line":16},"1":{"loc":{"start":{"line":19,"column":4},"end":{"line":19,"column":67}},"type":"if","locations":[{"start":{"line":19,"column":4},"end":{"line":19,"column":67}},{"start":{},"end":{}}],"line":19}},"s":{"0":1,"1":1,"2":1,"3":1,"4":1,"5":1,"6":1,"7":1,"8":1,"9":1,"10":0,"11":1,"12":0,"13":0,"14":0,"15":0,"16":0,"17":0,"18":0,"19":0,"20":0,"21":0,"22":0,"23":0,"24":0,"25":1},"f":{"0":0,"1":0},"b":{"0":[0,0],"1":[0,0]},"_coverageSchema":"1a1c01bbd47fc00a2c39e90264f33305004495a9","hash":"9f0729ffd1f9316911330d414ce7f503678b7046"}
,"C:\\Users\\USER\\Desktop\\vidly\\backend\\routes\\middleware\\admin.js": {"path":"C:\\Users\\USER\\Desktop\\vidly\\backend\\routes\\middleware\\admin.js","statementMap":{"0":{"start":{"line":1,"column":0},"end":{"line":3,"column":1}},"1":{"start":{"line":2,"column":4},"end":{"line":2,"column":71}},"2":{"start":{"line":2,"column":26},"end":{"line":2,"column":71}}},"fnMap":{"0":{"name":"(anonymous_0)","decl":{"start":{"line":1,"column":17},"end":{"line":1,"column":18}},"loc":{"start":{"line":1,"column":42},"end":{"line":3,"column":1}},"line":1}},"branchMap":{"0":{"loc":{"start":{"line":2,"column":4},"end":{"line":2,"column":71}},"type":"if","locations":[{"start":{"line":2,"column":4},"end":{"line":2,"column":71}},{"start":{},"end":{}}],"line":2}},"s":{"0":1,"1":0,"2":0},"f":{"0":0},"b":{"0":[0,0]},"_coverageSchema":"1a1c01bbd47fc00a2c39e90264f33305004495a9","hash":"d680f926c290e9bf9237f1b08a8bc5bcd593ceaf"}
,"C:\\Users\\USER\\Desktop\\vidly\\backend\\routes\\middleware\\auth.js": {"path":"C:\\Users\\USER\\Desktop\\vidly\\backend\\routes\\middleware\\auth.js","statementMap":{"0":{"start":{"line":1,"column":12},"end":{"line":1,"column":35}},"1":{"start":{"line":2,"column":15},"end":{"line":2,"column":32}},"2":{"start":{"line":3,"column":0},"end":{"line":15,"column":1}},"3":{"start":{"line":4,"column":4},"end":{"line":4,"column":38}},"4":{"start":{"line":5,"column":4},"end":{"line":5,"column":79}},"5":{"start":{"line":5,"column":15},"end":{"line":5,"column":79}},"6":{"start":{"line":7,"column":4},"end":{"line":14,"column":5}},"7":{"start":{"line":8,"column":28},"end":{"line":8,"column":74}},"8":{"start":{"line":9,"column":12},"end":{"line":9,"column":31}},"9":{"start":{"line":10,"column":12},"end":{"line":10,"column":19}},"10":{"start":{"line":13,"column":8},"end":{"line":13,"column":45}}},"fnMap":{"0":{"name":"(anonymous_0)","decl":{"start":{"line":3,"column":17},"end":{"line":3,"column":18}},"loc":{"start":{"line":3,"column":42},"end":{"line":15,"column":1}},"line":3}},"branchMap":{"0":{"loc":{"start":{"line":5,"column":4},"end":{"line":5,"column":79}},"type":"if","locations":[{"start":{"line":5,"column":4},"end":{"line":5,"column":79}},{"start":{},"end":{}}],"line":5}},"s":{"0":1,"1":1,"2":1,"3":0,"4":0,"5":0,"6":0,"7":0,"8":0,"9":0,"10":0},"f":{"0":0},"b":{"0":[0,0]},"_coverageSchema":"1a1c01bbd47fc00a2c39e90264f33305004495a9","hash":"e84bf8621ebe812ef3eaf1b0a98181b3929431d4"}
,"C:\\Users\\USER\\Desktop\\vidly\\backend\\routes\\middleware\\error.js": {"path":"C:\\Users\\USER\\Desktop\\vidly\\backend\\routes\\middleware\\error.js","statementMap":{"0":{"start":{"line":1,"column":16},"end":{"line":1,"column":34}},"1":{"start":{"line":2,"column":0},"end":{"line":6,"column":1}},"2":{"start":{"line":3,"column":4},"end":{"line":3,"column":35}},"3":{"start":{"line":5,"column":4},"end":{"line":5,"column":46}}},"fnMap":{"0":{"name":"(anonymous_0)","decl":{"start":{"line":2,"column":17},"end":{"line":2,"column":18}},"loc":{"start":{"line":2,"column":46},"end":{"line":6,"column":1}},"line":2}},"branchMap":{},"s":{"0":1,"1":1,"2":0,"3":0},"f":{"0":0},"b":{},"_coverageSchema":"1a1c01bbd47fc00a2c39e90264f33305004495a9","hash":"4825648aad7c724bfc5a62992bd085f5cbffc248"}
,"C:\\Users\\USER\\Desktop\\vidly\\backend\\routes\\middleware\\validateObjectid.js": {"path":"C:\\Users\\USER\\Desktop\\vidly\\backend\\routes\\middleware\\validateObjectid.js","statementMap":{"0":{"start":{"line":1,"column":17},"end":{"line":1,"column":36}},"1":{"start":{"line":2,"column":0},"end":{"line":6,"column":1}},"2":{"start":{"line":3,"column":4},"end":{"line":4,"column":53}},"3":{"start":{"line":4,"column":8},"end":{"line":4,"column":53}},"4":{"start":{"line":5,"column":8},"end":{"line":5,"column":15}}},"fnMap":{"0":{"name":"(anonymous_0)","decl":{"start":{"line":2,"column":17},"end":{"line":2,"column":18}},"loc":{"start":{"line":2,"column":41},"end":{"line":6,"column":1}},"line":2}},"branchMap":{"0":{"loc":{"start":{"line":3,"column":4},"end":{"line":4,"column":53}},"type":"if","locations":[{"start":{"line":3,"column":4},"end":{"line":4,"column":53}},{"start":{},"end":{}}],"line":3}},"s":{"0":1,"1":1,"2":0,"3":0,"4":0},"f":{"0":0},"b":{"0":[0,0]},"_coverageSchema":"1a1c01bbd47fc00a2c39e90264f33305004495a9","hash":"6c5d03f6e8f3d307050949d0db6c679442dc3fbd"}
,"C:\\Users\\USER\\Desktop\\vidly\\backend\\startup\\config.js": {"path":"C:\\Users\\USER\\Desktop\\vidly\\backend\\startup\\config.js","statementMap":{},"fnMap":{},"branchMap":{},"s":{},"f":{},"b":{},"_coverageSchema":"1a1c01bbd47fc00a2c39e90264f33305004495a9","hash":"4ab9aa353d28bf9d8e9792622e0fb42828485edb"}
,"C:\\Users\\USER\\Desktop\\vidly\\backend\\startup\\db.js": {"path":"C:\\Users\\USER\\Desktop\\vidly\\backend\\startup\\db.js","statementMap":{"0":{"start":{"line":1,"column":17},"end":{"line":1,"column":36}},"1":{"start":{"line":2,"column":16},"end":{"line":2,"column":34}},"2":{"start":{"line":3,"column":0},"end":{"line":7,"column":52}},"3":{"start":{"line":6,"column":15},"end":{"line":6,"column":39}},"4":{"start":{"line":7,"column":15},"end":{"line":7,"column":51}}},"fnMap":{"0":{"name":"(anonymous_0)","decl":{"start":{"line":6,"column":10},"end":{"line":6,"column":11}},"loc":{"start":{"line":6,"column":15},"end":{"line":6,"column":39}},"line":6},"1":{"name":"(anonymous_1)","decl":{"start":{"line":7,"column":10},"end":{"line":7,"column":11}},"loc":{"start":{"line":7,"column":15},"end":{"line":7,"column":51}},"line":7}},"branchMap":{},"s":{"0":1,"1":1,"2":1,"3":0,"4":0},"f":{"0":0,"1":0},"b":{},"_coverageSchema":"1a1c01bbd47fc00a2c39e90264f33305004495a9","hash":"b10f703d4dd29f17ba4772885f59a493d2e53771"}
,"C:\\Users\\USER\\Desktop\\vidly\\backend\\startup\\logging.js": {"path":"C:\\Users\\USER\\Desktop\\vidly\\backend\\startup\\logging.js","statementMap":{"0":{"start":{"line":1,"column":0},"end":{"line":1,"column":31}},"1":{"start":{"line":2,"column":16},"end":{"line":2,"column":34}},"2":{"start":{"line":4,"column":0},"end":{"line":17,"column":1}},"3":{"start":{"line":5,"column":0},"end":{"line":8,"column":2}},"4":{"start":{"line":6,"column":4},"end":{"line":6,"column":33}},"5":{"start":{"line":7,"column":4},"end":{"line":7,"column":71}},"6":{"start":{"line":9,"column":0},"end":{"line":11,"column":2}},"7":{"start":{"line":10,"column":4},"end":{"line":10,"column":13}},"8":{"start":{"line":14,"column":0},"end":{"line":14,"column":69}}},"fnMap":{"0":{"name":"(anonymous_0)","decl":{"start":{"line":4,"column":17},"end":{"line":4,"column":18}},"loc":{"start":{"line":4,"column":27},"end":{"line":17,"column":1}},"line":4},"1":{"name":"(anonymous_1)","decl":{"start":{"line":5,"column":32},"end":{"line":5,"column":33}},"loc":{"start":{"line":5,"column":38},"end":{"line":8,"column":1}},"line":5},"2":{"name":"(anonymous_2)","decl":{"start":{"line":9,"column":33},"end":{"line":9,"column":34}},"loc":{"start":{"line":9,"column":39},"end":{"line":11,"column":1}},"line":9}},"branchMap":{},"s":{"0":1,"1":1,"2":1,"3":1,"4":0,"5":0,"6":1,"7":0,"8":1},"f":{"0":1,"1":0,"2":0},"b":{},"_coverageSchema":"1a1c01bbd47fc00a2c39e90264f33305004495a9","hash":"fa4f478d4899d8b151a8b19ed41d496feb3c7861"}
,"C:\\Users\\USER\\Desktop\\vidly\\backend\\startup\\routes.js": {"path":"C:\\Users\\USER\\Desktop\\vidly\\backend\\startup\\routes.js","statementMap":{"0":{"start":{"line":1,"column":16},"end":{"line":1,"column":34}},"1":{"start":{"line":2,"column":15},"end":{"line":2,"column":32}},"2":{"start":{"line":3,"column":15},"end":{"line":3,"column":42}},"3":{"start":{"line":4,"column":18},"end":{"line":4,"column":48}},"4":{"start":{"line":5,"column":15},"end":{"line":5,"column":42}},"5":{"start":{"line":6,"column":14},"end":{"line":6,"column":40}},"6":{"start":{"line":7,"column":13},"end":{"line":7,"column":38}},"7":{"start":{"line":8,"column":14},"end":{"line":8,"column":54}},"8":{"start":{"line":11,"column":0},"end":{"line":21,"column":1}},"9":{"start":{"line":12,"column":0},"end":{"line":12,"column":23}},"10":{"start":{"line":13,"column":0},"end":{"line":13,"column":48}},"11":{"start":{"line":14,"column":0},"end":{"line":14,"column":30}},"12":{"start":{"line":15,"column":0},"end":{"line":15,"column":36}},"13":{"start":{"line":16,"column":0},"end":{"line":16,"column":30}},"14":{"start":{"line":17,"column":0},"end":{"line":17,"column":28}},"15":{"start":{"line":18,"column":0},"end":{"line":18,"column":26}},"16":{"start":{"line":19,"column":0},"end":{"line":19,"column":18}},"17":{"start":{"line":20,"column":0},"end":{"line":20,"column":15}}},"fnMap":{"0":{"name":"(anonymous_0)","decl":{"start":{"line":11,"column":17},"end":{"line":11,"column":18}},"loc":{"start":{"line":11,"column":30},"end":{"line":21,"column":1}},"line":11}},"branchMap":{},"s":{"0":1,"1":1,"2":1,"3":1,"4":1,"5":1,"6":1,"7":1,"8":1,"9":1,"10":1,"11":1,"12":1,"13":1,"14":1,"15":1,"16":1,"17":1},"f":{"0":1},"b":{},"_coverageSchema":"1a1c01bbd47fc00a2c39e90264f33305004495a9","hash":"34cbbcfee277cfddd9a30442275cfd11f2e87691"}
}